<?xml version="1.0" encoding="UTF-8"?>
<!-- Generated by org.testng.reporters.JUnitReportReporter -->
<testsuite skipped="0" hostname="win7-PC" name="com.practice.testcases.TC_New_Customer_001" tests="1" failures="0" timestamp="2020-06-01T21:24:55 EDT" time="0.808" errors="0">
  <testcase name="addNewCustomer" time="0.808" classname="com.practice.testcases.TC_New_Customer_001"/>
  <system-out/>
</testsuite> <!-- com.practice.testcases.TC_New_Customer_001 -->
